\BOOKMARK [0][-]{chapter.1}{Einleitung}{}% 1
\BOOKMARK [1][-]{section.1.1}{Warum\040dieses\040Skript}{chapter.1}% 2
\BOOKMARK [1][-]{section.1.2}{Zur Prüfung}{chapter.1}% 3
\BOOKMARK [0][-]{chapter.2}{Tonsystem}{}% 4
\BOOKMARK [1][-]{section.2.1}{Die Stammtöne}{chapter.2}% 5
\BOOKMARK [1][-]{section.2.2}{Versetzungszeichen}{chapter.2}% 6
\BOOKMARK [0][-]{chapter.3}{Rhythmus}{}% 7
\BOOKMARK [1][-]{section.3.1}{Notenwerte}{chapter.3}% 8
\BOOKMARK [1][-]{section.3.2}{Metrum\040und\040Taktart}{chapter.3}% 9
\BOOKMARK [1][-]{section.3.3}{Rhythmus}{chapter.3}% 10
\BOOKMARK [1][-]{section.3.4}{Haltebögen und Punktierte Noten}{chapter.3}% 11
\BOOKMARK [1][-]{section.3.5}{Ein\040unbekanntes\040Lied}{chapter.3}% 12
\BOOKMARK [0][-]{chapter.4}{Begleitung}{}% 13
\BOOKMARK [1][-]{section.4.1}{Begleitung\040mit\040einem\040Bordun}{chapter.4}% 14
\BOOKMARK [1][-]{section.4.2}{Begleitung\040mit\040einem\040Ostinato}{chapter.4}% 15
\BOOKMARK [1][-]{section.4.3}{Begleitung mit Grundtönen}{chapter.4}% 16
\BOOKMARK [0][-]{chapter.5}{Musizieren\040mit\040Kindern}{}% 17
\BOOKMARK [1][-]{section.5.1}{Warum\040musizieren?}{chapter.5}% 18
\BOOKMARK [1][-]{section.5.2}{Methodische\040Aspekte}{chapter.5}% 19
\BOOKMARK [0][-]{chapter.6}{Die Prüfung}{}% 20
\BOOKMARK [1][-]{section.6.1}{Vorbereitung}{chapter.6}% 21
\BOOKMARK [1][-]{section.6.2}{Die mündliche Prüfung}{chapter.6}% 22
